#
# A fatal error has been detected by the Java Runtime Environment:
#
#  EXCEPTION_ACCESS_VIOLATION (0xc0000005) at pc=0x00007ffa162ac2c4, pid=14400, tid=31060
#
# JRE version: Java(TM) SE Runtime Environment (22.0.1+8) (build 22.0.1+8-16)
# Java VM: Java HotSpot(TM) 64-Bit Server VM (22.0.1+8-16, mixed mode, sharing, tiered, compressed oops, compressed class ptrs, g1 gc, windows-amd64)
# Problematic frame:
# C  [cyjagent.dll+0xc2c4]
#
# No core dump will be written. Minidumps are not enabled by default on client versions of Windows
#
# If you would like to submit a bug report, please visit:
#   https://bugreport.java.com/bugreport/crash.jsp
# The crash happened outside the Java Virtual Machine in native code.
# See problematic frame for where to report the bug.
#

---------------  S U M M A R Y ------------

Command Line: -agentpath:C:\Program Files\Palo Alto Networks\Traps\cyjagent.dll Assignment2

Host: 12th Gen Intel(R) Core(TM) i7-1260P, 16 cores, 31G,  Windows 11 , 64 bit Build 22621 (10.0.22621.3672)
Time: Fri Jun 21 15:23:10 2024 India Standard Time elapsed time: 10.891433 seconds (0d 0h 0m 10s)

---------------  T H R E A D  ---------------

Current thread (0x0000028de0189120):  JavaThread "Signal Dispatcher" daemon [_thread_in_native, id=31060, stack(0x000000f2be000000,0x000000f2be100000) (1024K)]

Stack: [0x000000f2be000000,0x000000f2be100000],  sp=0x000000f2be0fe220,  free space=1016k
Native frames: (J=compiled Java code, j=interpreted, Vv=VM code, C=native code)
C  [cyjagent.dll+0xc2c4]  (no source info available)
V  [jvm.dll+0x5a820e]  (no source info available)
V  [jvm.dll+0x59f7d2]  (no source info available)
V  [jvm.dll+0x59f8cb]  (no source info available)
V  [jvm.dll+0x5c4590]  (no source info available)
V  [jvm.dll+0x21cc6a]  (no source info available)
V  [jvm.dll+0x7eb6dc]  (no source info available)
V  [jvm.dll+0x7ec776]  (no source info available)
V  [jvm.dll+0x7ecd84]  (no source info available)
V  [jvm.dll+0x7eca08]  (no source info available)
V  [jvm.dll+0x26d79b]  (no source info available)
V  [jvm.dll+0x3d9b4e]  (no source info available)
C  0x0000028dcd6babdf  (no source info available)

The last pc belongs to new (printed below).
Java frames: (J=compiled Java code, j=interpreted, Vv=VM code)
j  jdk.internal.misc.Signal.dispatch(I)V+25 java.base@22.0.1
v  ~StubRoutines::call_stub 0x0000028dcd6a100d

siginfo: EXCEPTION_ACCESS_VIOLATION (0xc0000005), reading address 0x0000000000000000


Registers:
RAX=0x0000000000000000, RBX=0x0000028de01894e0, RCX=0x0000000000000000, RDX=0x0000028dbbc4f930
RSP=0x000000f2be0fe220, RBP=0x0000028dc623f8d0, RSI=0x0000000000000000, RDI=0x0000028e240b06f0
R8 =0x000000f2be0fe068, R9 =0x0000000000000000, R10=0x0000000000000000, R11=0x0000000000000246
R12=0x0000028e240b06f0, R13=0x0000028de0189790, R14=0x0000028de0189120, R15=0x0000000000000000
RIP=0x00007ffa162ac2c4, EFLAGS=0x0000000000010202


Register to memory mapping:

RAX=0x0 is null
RBX=0x0000028de01894e0 points into unknown readable memory: 0x00007ff960e4dac0 | c0 da e4 60 f9 7f 00 00
RCX=0x0 is null
RDX=0x0000028dbbc4f930 points into unknown readable memory: 0x0000028de0189120 | 20 91 18 e0 8d 02 00 00
RSP=0x000000f2be0fe220 is pointing into the stack for thread: 0x0000028de0189120
RBP=0x0000028dc623f8d0 points into unknown readable memory: 0x0000028dc6173e60 | 60 3e 17 c6 8d 02 00 00
RSI=0x0 is null
RDI=0x0000028e240b06f0 points into unknown readable memory: 0x65746e692f6b646a | 6a 64 6b 2f 69 6e 74 65
R8 =0x000000f2be0fe068 is pointing into the stack for thread: 0x0000028de0189120
R9 =0x0 is null
R10=0x0 is null
R11=0x0000000000000246 is an unknown value
R12=0x0000028e240b06f0 points into unknown readable memory: 0x65746e692f6b646a | 6a 64 6b 2f 69 6e 74 65
R13=0x0000028de0189790 points into unknown readable memory: 0x0000028e240b06e0 | e0 06 0b 24 8e 02 00 00
R14=0x0000028de0189120 is a thread
R15=0x0 is null

Top of Stack: (sp=0x000000f2be0fe220)
0x000000f2be0fe220:   0000028e240b06f0 0000028de01894e0
0x000000f2be0fe230:   0000000000000000 0000000000000020
0x000000f2be0fe240:   0000028dbc56d7a0 0000028de0189120
0x000000f2be0fe250:   000000f2be0fe440 0000028dc623f8d0
0x000000f2be0fe260:   000000000000001a 000000000000001a
0x000000f2be0fe270:   0000028dbc56d7a0 0000000000000000
0x000000f2be0fe280:   000000f2be0fe478 00007ff96081820e
0x000000f2be0fe290:   0000028dbc56d7a0 0000000000000000
0x000000f2be0fe2a0:   000000f2be0fe440 0000000000000000
0x000000f2be0fe2b0:   0000028e240b06f0 0000000000000000
0x000000f2be0fe2c0:   0000000000000351 0000028de01897e8
0x000000f2be0fe2d0:   000000f2be0fe3c8 000000f2be0fe2e8
0x000000f2be0fe2e0:   0000000000000000 0000000000000000
0x000000f2be0fe2f0:   0000000000000000 0000000000000000
0x000000f2be0fe300:   0000028de0168840 0000028e240b06e0
0x000000f2be0fe310:   0000028e240b0710 0000028e240b86c8
0x000000f2be0fe320:   00000000000083b0 0000028de0189120
0x000000f2be0fe330:   0000028de0189120 0000028de0168f00
0x000000f2be0fe340:   0000028de0171920 0000028de0171930
0x000000f2be0fe350:   0000028de0171a08 00000000000000d8
0x000000f2be0fe360:   000000f2be0fe558 0000000000000000
0x000000f2be0fe370:   0000000000000070 0000028de0189790
0x000000f2be0fe380:   0000000000000003 0000028dbc56d7a0
0x000000f2be0fe390:   000000f2be0fe440 0000028de0168840
0x000000f2be0fe3a0:   0000000000000020 00007ff96080f7d2
0x000000f2be0fe3b0:   0000028dbc5f8301 0000000000000000
0x000000f2be0fe3c0:   0000000000000001 0000000000000000
0x000000f2be0fe3d0:   0000028de0168840 0000028de34bc8e8
0x000000f2be0fe3e0:   000000f2be0fe800 0000028dbc5f8330
0x000000f2be0fe3f0:   0000000000000000 00007ff96080f8cb
0x000000f2be0fe400:   000000f2be0fe508 0000000000000000
0x000000f2be0fe410:   0000028de0189790 0000028dbc5f8330 

Instructions: (pc=0x00007ffa162ac2c4)
0x00007ffa162ac1c4:   00 00 03 72 2d 44 8b ce 48 8d 05 3d df 01 00 ba
0x00007ffa162ac1d4:   2f 00 00 00 4e 8b 0c c8 48 8b 89 10 03 00 00 4c
0x00007ffa162ac1e4:   8d 05 56 de 01 00 e8 51 4f ff ff 48 8b 0d ea 37
0x00007ffa162ac1f4:   02 00 48 3b cb 74 68 f6 81 1c 03 00 00 10 74 5f
0x00007ffa162ac204:   80 b9 19 03 00 00 02 72 56 4c 8b 8c 24 90 00 00
0x00007ffa162ac214:   00 4c 8d 05 24 de 01 00 48 8b 89 10 03 00 00 ba
0x00007ffa162ac224:   31 00 00 00 e8 13 4f ff ff eb 34 49 8b 0f 4c 8b
0x00007ffa162ac234:   c3 48 8b d6 e8 f3 63 00 00 48 8b 84 24 b0 00 00
0x00007ffa162ac244:   00 89 18 48 8b 0d 7a 4b 02 00 4c 8b c6 33 d2 ff
0x00007ffa162ac254:   15 a7 4f 01 00 eb 08 a8 02 75 04 c6 47 40 01 b8
0x00007ffa162ac264:   ff ff ff ff f0 0f c1 47 10 4c 8b b4 24 88 00 00
0x00007ffa162ac274:   00 83 f8 01 75 42 48 8b 4f 18 48 81 c1 70 01 00
0x00007ffa162ac284:   00 ff 15 1d 50 01 00 48 8b 0f 48 8b 47 08 48 89
0x00007ffa162ac294:   08 48 89 41 08 48 8b 4f 18 48 81 c1 70 01 00 00
0x00007ffa162ac2a4:   ff 15 06 50 01 00 48 8b 0d 17 4b 02 00 4c 8b c7
0x00007ffa162ac2b4:   33 d2 ff 15 44 4f 01 00 48 8b 4d 20 48 8b 55 10
0x00007ffa162ac2c4:   48 8b 01 48 8b 80 08 01 00 00 ff 15 0c 50 01 00
0x00007ffa162ac2d4:   85 c0 74 40 48 8b 0d 01 37 02 00 48 8d 15 fa 36
0x00007ffa162ac2e4:   02 00 48 3b ca 74 2d f6 81 1c 03 00 00 10 74 24
0x00007ffa162ac2f4:   80 b9 19 03 00 00 03 72 1b 48 8b 89 10 03 00 00
0x00007ffa162ac304:   4c 8d 05 35 dd 01 00 ba 15 00 00 00 44 8b c8 e8
0x00007ffa162ac314:   68 4d ff ff 48 8b 6c 24 78 48 8b b4 24 80 00 00
0x00007ffa162ac324:   00 48 83 c4 50 41 5f 5f 5b c3 cc cc 40 57 48 83
0x00007ffa162ac334:   ec 30 f6 81 78 01 00 00 04 48 8b f9 0f 85 87 02
0x00007ffa162ac344:   00 00 48 89 5c 24 40 45 33 c9 48 89 6c 24 48 33
0x00007ffa162ac354:   d2 48 89 74 24 50 48 8b 71 20 45 8d 41 32 48 8b
0x00007ffa162ac364:   ce 48 8b 06 48 8b 40 08 ff 15 6e 4f 01 00 48 8d
0x00007ffa162ac374:   2d 67 36 02 00 85 c0 74 37 48 8b 0d 5c 36 02 00
0x00007ffa162ac384:   48 3b cd 74 2b f6 81 1c 03 00 00 10 74 22 80 b9
0x00007ffa162ac394:   19 03 00 00 02 72 19 48 8b 89 10 03 00 00 ba 11
0x00007ffa162ac3a4:   00 00 00 89 44 24 20 44 8d 4a 21 e8 7c dc ff ff
0x00007ffa162ac3b4:   48 8b 06 45 33 c9 33 d2 48 8b ce 48 8b 40 08 45 


Stack slot to memory mapping:

stack at sp + 0 slots: 0x0000028e240b06f0 points into unknown readable memory: 0x65746e692f6b646a | 6a 64 6b 2f 69 6e 74 65
stack at sp + 1 slots: 0x0000028de01894e0 points into unknown readable memory: 0x00007ff960e4dac0 | c0 da e4 60 f9 7f 00 00
stack at sp + 2 slots: 0x0 is null
stack at sp + 3 slots: 0x0000000000000020 is an unknown value
stack at sp + 4 slots: 0x0000028dbc56d7a0 points into unknown readable memory: 0x00007ff960e566a0 | a0 66 e5 60 f9 7f 00 00
stack at sp + 5 slots: 0x0000028de0189120 is a thread
stack at sp + 6 slots: 0x000000f2be0fe440 is pointing into the stack for thread: 0x0000028de0189120
stack at sp + 7 slots: 0x0000028dc623f8d0 points into unknown readable memory: 0x0000028dc6173e60 | 60 3e 17 c6 8d 02 00 00

new  187 new  [0x0000028dcd6baa60, 0x0000028dcd6bac68]  520 bytes
[MachCode]
  0x0000028dcd6baa60: 4883 ec08 | c5fa 1104 | 24eb 1f48 | 83ec 10c5 | fb11 0424 | eb14 4883 | ec10 4889 | 0424 48c7 
  0x0000028dcd6baa80: 4424 0800 | 0000 00eb | 0150 410f | b755 010f | cac1 ea10 | 488b 4de8 | 488b 4908 | 488b 4908 
  0x0000028dcd6baaa0: 488b 4108 | 807c 1004 | 070f 85d3 | 0000 0066 | 8b54 d148 | 488b 4928 | 488b 4cd1 | 0851 80b9 
  0x0000028dcd6baac0: 2001 0000 | 050f 85b6 | 0000 008b | 5108 f6c2 | 010f 85aa | 0000 0049 | 8b87 b801 | 0000 488d 
  0x0000028dcd6baae0: 1c10 493b | 9fc8 0100 | 000f 8792 | 0000 0049 | 899f b801 | 0000 4883 | ea10 0f84 | 0f00 0000 
  0x0000028dcd6bab00: 33c9 c1ea | 0348 894c | d008 48ff | ca75 f648 | c700 0100 | 0000 5933 | f689 700c | 49ba 0000 
  0x0000028dcd6bab20: 00e3 8d02 | 0000 492b | ca89 4808 | 49ba 9d30 | eb60 f97f | 0000 4180 | 3a00 0f84 | 3c00 0000 
  0x0000028dcd6bab40: 5048 8bc8 | 4883 ec20 | 40f6 c40f | 0f84 1900 | 0000 4883 | ec08 48b8 | 80b5 9b60 | f97f 0000 
  0x0000028dcd6bab60: ffd0 4883 | c408 e90c | 0000 0048 | b880 b59b | 60f9 7f00 | 00ff d048 | 83c4 2058 | e9cb 0000 
  0x0000028dcd6bab80: 0059 488b | 55e8 488b | 5208 488b | 5208 450f | b745 0141 | 0fc8 41c1 | e810 e805 | 0000 00e9 
  0x0000028dcd6baba0: a800 0000 | 488d 4424 | 084c 896d | c049 8bcf | c5f8 7749 | 89af b003 | 0000 4989 | 87a0 0300 
  0x0000028dcd6babc0: 0048 83ec | 2040 f6c4 | 0f0f 8419 | 0000 0048 | 83ec 0848 | b800 9b64 | 60f9 7f00 | 00ff d048 
  0x0000028dcd6babe0: 83c4 08e9 | 0c00 0000 | 48b8 009b | 6460 f97f | 0000 ffd0 | 4883 c420 | 49c7 87a0 | 0300 0000 
  0x0000028dcd6bac00: 0000 0049 | c787 b003 | 0000 0000 | 0000 49c7 | 87a8 0300 | 0000 0000 | 00c5 f877 | 4983 7f08 
  0x0000028dcd6bac20: 000f 8405 | 0000 00e9 | d462 feff | 498b 87f8 | 0300 0049 | c787 f803 | 0000 0000 | 0000 4c8b 
  0x0000028dcd6bac40: 6dc0 4c8b | 75c8 4e8d | 74f5 00c3 | 410f b65d | 0349 83c5 | 0349 baf0 | f9ee 60f9 | 7f00 0041 
  0x0000028dcd6bac60: ff24 da0f | 1f44 0000 
[/MachCode]

---------------  P R O C E S S  ---------------

Threads class SMR info:
_java_thread_list=0x0000028e24174b80, length=10, elements={
0x0000028de0186850, 0x0000028de01884c0, 0x0000028de0189120, 0x0000028de018c430,
0x0000028de018d390, 0x0000028de018df20, 0x0000028de0193a40, 0x0000028de01945b0,
0x0000028e241f1580, 0x0000028e241ec270
}

Java Threads: ( => current thread )
  0x0000028de0186850 JavaThread "Reference Handler"          daemon [_thread_blocked, id=31004, stack(0x000000f2bde00000,0x000000f2bdf00000) (1024K)]
  0x0000028de01884c0 JavaThread "Finalizer"                  daemon [_thread_blocked, id=25772, stack(0x000000f2bdf00000,0x000000f2be000000) (1024K)]
=>0x0000028de0189120 JavaThread "Signal Dispatcher"          daemon [_thread_in_native, id=31060, stack(0x000000f2be000000,0x000000f2be100000) (1024K)]
  0x0000028de018c430 JavaThread "Attach Listener"            daemon [_thread_blocked, id=13568, stack(0x000000f2be100000,0x000000f2be200000) (1024K)]
  0x0000028de018d390 JavaThread "Service Thread"             daemon [_thread_blocked, id=30140, stack(0x000000f2be200000,0x000000f2be300000) (1024K)]
  0x0000028de018df20 JavaThread "Monitor Deflation Thread"   daemon [_thread_blocked, id=28388, stack(0x000000f2be300000,0x000000f2be400000) (1024K)]
  0x0000028de0193a40 JavaThread "C2 CompilerThread0"         daemon [_thread_blocked, id=27684, stack(0x000000f2be400000,0x000000f2be500000) (1024K)]
  0x0000028de01945b0 JavaThread "C1 CompilerThread0"         daemon [_thread_blocked, id=18088, stack(0x000000f2be500000,0x000000f2be600000) (1024K)]
  0x0000028e241f1580 JavaThread "Notification Thread"        daemon [_thread_blocked, id=25628, stack(0x000000f2be900000,0x000000f2bea00000) (1024K)]
  0x0000028e241ec270 JavaThread "Common-Cleaner"             daemon [_thread_blocked, id=10508, stack(0x000000f2bea00000,0x000000f2beb00000) (1024K)]
Total: 10

Other Threads:
  0x0000028de0161180 VMThread "VM Thread"                           [id=29080, stack(0x000000f2bdd00000,0x000000f2bde00000) (1024K)] _threads_hazard_ptr=0x0000028e24174b80
  0x0000028dbc5deb80 WorkerThread "GC Thread#0"                     [id=28532, stack(0x000000f2bd700000,0x000000f2bd800000) (1024K)]
  0x0000028ddfff02b0 ConcurrentGCThread "G1 Main Marker"            terminated
  0x0000028ddfff0a70 WorkerThread "G1 Conc#0"                       [id=27856, stack(0x000000f2bd900000,0x000000f2bda00000) (1024K)]
  0x0000028dbc60e970 ConcurrentGCThread "G1 Refine#0"               terminated
  0x0000028de009b650 ConcurrentGCThread "G1 Service"                terminated
Total: 6

Threads with active compile tasks:
Total: 0

VM state: at safepoint (normal execution)

VM Mutex/Monitor currently owned by a thread:  ([mutex/lock_event])
[0x00007ff960edbbb8] Threads_lock - owner thread: 0x0000028de0161180
[0x00007ff960edbcb8] Heap_lock - owner thread: 0x0000028dbc5729d0

Heap address: 0x0000000604800000, size: 8120 MB, Compressed Oops mode: Zero based, Oop shift amount: 3

CDS archive(s) mapped at: [0x0000028de3000000-0x0000028de3c60000-0x0000028de3c60000), size 12976128, SharedBaseAddress: 0x0000028de3000000, ArchiveRelocationMode: 1.
Compressed class space mapped at: 0x0000028de4000000-0x0000028e24000000, reserved size: 1073741824
Narrow klass base: 0x0000028de3000000, Narrow klass shift: 0, Narrow klass range: 0x41000000

GC Precious Log:
 CardTable entry size: 512
 Card Set container configuration: InlinePtr #cards 4 size 8 Array Of Cards #cards 32 size 80 Howl #buckets 8 coarsen threshold 7372 Howl Bitmap #cards 1024 size 144 coarsen threshold 921 Card regions per heap region 1 cards per card region 8192
 CPUs: 16 total, 16 available
 Memory: 32465M
 Large Page Support: Disabled
 NUMA Support: Disabled
 Compressed Oops: Enabled (Zero based)
 Heap Region Size: 4M
 Heap Min Capacity: 8M
 Heap Initial Capacity: 508M
 Heap Max Capacity: 8120M
 Pre-touch: Disabled
 Parallel Workers: 13
 Concurrent Workers: 3
 Concurrent Refinement Workers: 13
 Periodic GC: Disabled

Heap:
 garbage-first heap   total reserved 8314880K, committed 520192K, used 0K [0x0000000604800000, 0x0000000800000000)
  region size 4096K, 1 young (4096K), 0 survivors (0K)
 Metaspace       used 255K, committed 448K, reserved 1114112K
  class space    used 14K, committed 128K, reserved 1048576K

Heap Regions: E=young(eden), S=young(survivor), O=old, HS=humongous(starts), HC=humongous(continues), CS=collection set, F=free, TAMS=top-at-mark-start, PB=parsable bottom
|   0|0x0000000604800000, 0x0000000604800000, 0x0000000604c00000|  0%| F|  |TAMS 0x0000000604800000| PB 0x0000000604800000| Untracked |  0
|   1|0x0000000604c00000, 0x0000000604c00000, 0x0000000605000000|  0%| F|  |TAMS 0x0000000604c00000| PB 0x0000000604c00000| Untracked |  0
|   2|0x0000000605000000, 0x0000000605000000, 0x0000000605400000|  0%| F|  |TAMS 0x0000000605000000| PB 0x0000000605000000| Untracked |  0
|   3|0x0000000605400000, 0x0000000605400000, 0x0000000605800000|  0%| F|  |TAMS 0x0000000605400000| PB 0x0000000605400000| Untracked |  0
|   4|0x0000000605800000, 0x0000000605800000, 0x0000000605c00000|  0%| F|  |TAMS 0x0000000605800000| PB 0x0000000605800000| Untracked |  0
|   5|0x0000000605c00000, 0x0000000605c00000, 0x0000000606000000|  0%| F|  |TAMS 0x0000000605c00000| PB 0x0000000605c00000| Untracked |  0
|   6|0x0000000606000000, 0x0000000606000000, 0x0000000606400000|  0%| F|  |TAMS 0x0000000606000000| PB 0x0000000606000000| Untracked |  0
|   7|0x0000000606400000, 0x0000000606400000, 0x0000000606800000|  0%| F|  |TAMS 0x0000000606400000| PB 0x0000000606400000| Untracked |  0
|   8|0x0000000606800000, 0x0000000606800000, 0x0000000606c00000|  0%| F|  |TAMS 0x0000000606800000| PB 0x0000000606800000| Untracked |  0
|   9|0x0000000606c00000, 0x0000000606c00000, 0x0000000607000000|  0%| F|  |TAMS 0x0000000606c00000| PB 0x0000000606c00000| Untracked |  0
|  10|0x0000000607000000, 0x0000000607000000, 0x0000000607400000|  0%| F|  |TAMS 0x0000000607000000| PB 0x0000000607000000| Untracked |  0
|  11|0x0000000607400000, 0x0000000607400000, 0x0000000607800000|  0%| F|  |TAMS 0x0000000607400000| PB 0x0000000607400000| Untracked |  0
|  12|0x0000000607800000, 0x0000000607800000, 0x0000000607c00000|  0%| F|  |TAMS 0x0000000607800000| PB 0x0000000607800000| Untracked |  0
|  13|0x0000000607c00000, 0x0000000607c00000, 0x0000000608000000|  0%| F|  |TAMS 0x0000000607c00000| PB 0x0000000607c00000| Untracked |  0
|  14|0x0000000608000000, 0x0000000608000000, 0x0000000608400000|  0%| F|  |TAMS 0x0000000608000000| PB 0x0000000608000000| Untracked |  0
|  15|0x0000000608400000, 0x0000000608400000, 0x0000000608800000|  0%| F|  |TAMS 0x0000000608400000| PB 0x0000000608400000| Untracked |  0
|  16|0x0000000608800000, 0x0000000608800000, 0x0000000608c00000|  0%| F|  |TAMS 0x0000000608800000| PB 0x0000000608800000| Untracked |  0
|  17|0x0000000608c00000, 0x0000000608c00000, 0x0000000609000000|  0%| F|  |TAMS 0x0000000608c00000| PB 0x0000000608c00000| Untracked |  0
|  18|0x0000000609000000, 0x0000000609000000, 0x0000000609400000|  0%| F|  |TAMS 0x0000000609000000| PB 0x0000000609000000| Untracked |  0
|  19|0x0000000609400000, 0x0000000609400000, 0x0000000609800000|  0%| F|  |TAMS 0x0000000609400000| PB 0x0000000609400000| Untracked |  0
|  20|0x0000000609800000, 0x0000000609800000, 0x0000000609c00000|  0%| F|  |TAMS 0x0000000609800000| PB 0x0000000609800000| Untracked |  0
|  21|0x0000000609c00000, 0x0000000609c00000, 0x000000060a000000|  0%| F|  |TAMS 0x0000000609c00000| PB 0x0000000609c00000| Untracked |  0
|  22|0x000000060a000000, 0x000000060a000000, 0x000000060a400000|  0%| F|  |TAMS 0x000000060a000000| PB 0x000000060a000000| Untracked |  0
|  23|0x000000060a400000, 0x000000060a400000, 0x000000060a800000|  0%| F|  |TAMS 0x000000060a400000| PB 0x000000060a400000| Untracked |  0
|  24|0x000000060a800000, 0x000000060a800000, 0x000000060ac00000|  0%| F|  |TAMS 0x000000060a800000| PB 0x000000060a800000| Untracked |  0
|  25|0x000000060ac00000, 0x000000060ac00000, 0x000000060b000000|  0%| F|  |TAMS 0x000000060ac00000| PB 0x000000060ac00000| Untracked |  0
|  26|0x000000060b000000, 0x000000060b000000, 0x000000060b400000|  0%| F|  |TAMS 0x000000060b000000| PB 0x000000060b000000| Untracked |  0
|  27|0x000000060b400000, 0x000000060b400000, 0x000000060b800000|  0%| F|  |TAMS 0x000000060b400000| PB 0x000000060b400000| Untracked |  0
|  28|0x000000060b800000, 0x000000060b800000, 0x000000060bc00000|  0%| F|  |TAMS 0x000000060b800000| PB 0x000000060b800000| Untracked |  0
|  29|0x000000060bc00000, 0x000000060bc00000, 0x000000060c000000|  0%| F|  |TAMS 0x000000060bc00000| PB 0x000000060bc00000| Untracked |  0
|  30|0x000000060c000000, 0x000000060c000000, 0x000000060c400000|  0%| F|  |TAMS 0x000000060c000000| PB 0x000000060c000000| Untracked |  0
|  31|0x000000060c400000, 0x000000060c400000, 0x000000060c800000|  0%| F|  |TAMS 0x000000060c400000| PB 0x000000060c400000| Untracked |  0
|  32|0x000000060c800000, 0x000000060c800000, 0x000000060cc00000|  0%| F|  |TAMS 0x000000060c800000| PB 0x000000060c800000| Untracked |  0
|  33|0x000000060cc00000, 0x000000060cc00000, 0x000000060d000000|  0%| F|  |TAMS 0x000000060cc00000| PB 0x000000060cc00000| Untracked |  0
|  34|0x000000060d000000, 0x000000060d000000, 0x000000060d400000|  0%| F|  |TAMS 0x000000060d000000| PB 0x000000060d000000| Untracked |  0
|  35|0x000000060d400000, 0x000000060d400000, 0x000000060d800000|  0%| F|  |TAMS 0x000000060d400000| PB 0x000000060d400000| Untracked |  0
|  36|0x000000060d800000, 0x000000060d800000, 0x000000060dc00000|  0%| F|  |TAMS 0x000000060d800000| PB 0x000000060d800000| Untracked |  0
|  37|0x000000060dc00000, 0x000000060dc00000, 0x000000060e000000|  0%| F|  |TAMS 0x000000060dc00000| PB 0x000000060dc00000| Untracked |  0
|  38|0x000000060e000000, 0x000000060e000000, 0x000000060e400000|  0%| F|  |TAMS 0x000000060e000000| PB 0x000000060e000000| Untracked |  0
|  39|0x000000060e400000, 0x000000060e400000, 0x000000060e800000|  0%| F|  |TAMS 0x000000060e400000| PB 0x000000060e400000| Untracked |  0
|  40|0x000000060e800000, 0x000000060e800000, 0x000000060ec00000|  0%| F|  |TAMS 0x000000060e800000| PB 0x000000060e800000| Untracked |  0
|  41|0x000000060ec00000, 0x000000060ec00000, 0x000000060f000000|  0%| F|  |TAMS 0x000000060ec00000| PB 0x000000060ec00000| Untracked |  0
|  42|0x000000060f000000, 0x000000060f000000, 0x000000060f400000|  0%| F|  |TAMS 0x000000060f000000| PB 0x000000060f000000| Untracked |  0
|  43|0x000000060f400000, 0x000000060f400000, 0x000000060f800000|  0%| F|  |TAMS 0x000000060f400000| PB 0x000000060f400000| Untracked |  0
|  44|0x000000060f800000, 0x000000060f800000, 0x000000060fc00000|  0%| F|  |TAMS 0x000000060f800000| PB 0x000000060f800000| Untracked |  0
|  45|0x000000060fc00000, 0x000000060fc00000, 0x0000000610000000|  0%| F|  |TAMS 0x000000060fc00000| PB 0x000000060fc00000| Untracked |  0
|  46|0x0000000610000000, 0x0000000610000000, 0x0000000610400000|  0%| F|  |TAMS 0x0000000610000000| PB 0x0000000610000000| Untracked |  0
|  47|0x0000000610400000, 0x0000000610400000, 0x0000000610800000|  0%| F|  |TAMS 0x0000000610400000| PB 0x0000000610400000| Untracked |  0
|  48|0x0000000610800000, 0x0000000610800000, 0x0000000610c00000|  0%| F|  |TAMS 0x0000000610800000| PB 0x0000000610800000| Untracked |  0
|  49|0x0000000610c00000, 0x0000000610c00000, 0x0000000611000000|  0%| F|  |TAMS 0x0000000610c00000| PB 0x0000000610c00000| Untracked |  0
|  50|0x0000000611000000, 0x0000000611000000, 0x0000000611400000|  0%| F|  |TAMS 0x0000000611000000| PB 0x0000000611000000| Untracked |  0
|  51|0x0000000611400000, 0x0000000611400000, 0x0000000611800000|  0%| F|  |TAMS 0x0000000611400000| PB 0x0000000611400000| Untracked |  0
|  52|0x0000000611800000, 0x0000000611800000, 0x0000000611c00000|  0%| F|  |TAMS 0x0000000611800000| PB 0x0000000611800000| Untracked |  0
|  53|0x0000000611c00000, 0x0000000611c00000, 0x0000000612000000|  0%| F|  |TAMS 0x0000000611c00000| PB 0x0000000611c00000| Untracked |  0
|  54|0x0000000612000000, 0x0000000612000000, 0x0000000612400000|  0%| F|  |TAMS 0x0000000612000000| PB 0x0000000612000000| Untracked |  0
|  55|0x0000000612400000, 0x0000000612400000, 0x0000000612800000|  0%| F|  |TAMS 0x0000000612400000| PB 0x0000000612400000| Untracked |  0
|  56|0x0000000612800000, 0x0000000612800000, 0x0000000612c00000|  0%| F|  |TAMS 0x0000000612800000| PB 0x0000000612800000| Untracked |  0
|  57|0x0000000612c00000, 0x0000000612c00000, 0x0000000613000000|  0%| F|  |TAMS 0x0000000612c00000| PB 0x0000000612c00000| Untracked |  0
|  58|0x0000000613000000, 0x0000000613000000, 0x0000000613400000|  0%| F|  |TAMS 0x0000000613000000| PB 0x0000000613000000| Untracked |  0
|  59|0x0000000613400000, 0x0000000613400000, 0x0000000613800000|  0%| F|  |TAMS 0x0000000613400000| PB 0x0000000613400000| Untracked |  0
|  60|0x0000000613800000, 0x0000000613800000, 0x0000000613c00000|  0%| F|  |TAMS 0x0000000613800000| PB 0x0000000613800000| Untracked |  0
|  61|0x0000000613c00000, 0x0000000613c00000, 0x0000000614000000|  0%| F|  |TAMS 0x0000000613c00000| PB 0x0000000613c00000| Untracked |  0
|  62|0x0000000614000000, 0x0000000614000000, 0x0000000614400000|  0%| F|  |TAMS 0x0000000614000000| PB 0x0000000614000000| Untracked |  0
|  63|0x0000000614400000, 0x0000000614400000, 0x0000000614800000|  0%| F|  |TAMS 0x0000000614400000| PB 0x0000000614400000| Untracked |  0
|  64|0x0000000614800000, 0x0000000614800000, 0x0000000614c00000|  0%| F|  |TAMS 0x0000000614800000| PB 0x0000000614800000| Untracked |  0
|  65|0x0000000614c00000, 0x0000000614c00000, 0x0000000615000000|  0%| F|  |TAMS 0x0000000614c00000| PB 0x0000000614c00000| Untracked |  0
|  66|0x0000000615000000, 0x0000000615000000, 0x0000000615400000|  0%| F|  |TAMS 0x0000000615000000| PB 0x0000000615000000| Untracked |  0
|  67|0x0000000615400000, 0x0000000615400000, 0x0000000615800000|  0%| F|  |TAMS 0x0000000615400000| PB 0x0000000615400000| Untracked |  0
|  68|0x0000000615800000, 0x0000000615800000, 0x0000000615c00000|  0%| F|  |TAMS 0x0000000615800000| PB 0x0000000615800000| Untracked |  0
|  69|0x0000000615c00000, 0x0000000615c00000, 0x0000000616000000|  0%| F|  |TAMS 0x0000000615c00000| PB 0x0000000615c00000| Untracked |  0
|  70|0x0000000616000000, 0x0000000616000000, 0x0000000616400000|  0%| F|  |TAMS 0x0000000616000000| PB 0x0000000616000000| Untracked |  0
|  71|0x0000000616400000, 0x0000000616400000, 0x0000000616800000|  0%| F|  |TAMS 0x0000000616400000| PB 0x0000000616400000| Untracked |  0
|  72|0x0000000616800000, 0x0000000616800000, 0x0000000616c00000|  0%| F|  |TAMS 0x0000000616800000| PB 0x0000000616800000| Untracked |  0
|  73|0x0000000616c00000, 0x0000000616c00000, 0x0000000617000000|  0%| F|  |TAMS 0x0000000616c00000| PB 0x0000000616c00000| Untracked |  0
|  74|0x0000000617000000, 0x0000000617000000, 0x0000000617400000|  0%| F|  |TAMS 0x0000000617000000| PB 0x0000000617000000| Untracked |  0
|  75|0x0000000617400000, 0x0000000617400000, 0x0000000617800000|  0%| F|  |TAMS 0x0000000617400000| PB 0x0000000617400000| Untracked |  0
|  76|0x0000000617800000, 0x0000000617800000, 0x0000000617c00000|  0%| F|  |TAMS 0x0000000617800000| PB 0x0000000617800000| Untracked |  0
|  77|0x0000000617c00000, 0x0000000617c00000, 0x0000000618000000|  0%| F|  |TAMS 0x0000000617c00000| PB 0x0000000617c00000| Untracked |  0
|  78|0x0000000618000000, 0x0000000618000000, 0x0000000618400000|  0%| F|  |TAMS 0x0000000618000000| PB 0x0000000618000000| Untracked |  0
|  79|0x0000000618400000, 0x0000000618400000, 0x0000000618800000|  0%| F|  |TAMS 0x0000000618400000| PB 0x0000000618400000| Untracked |  0
|  80|0x0000000618800000, 0x0000000618800000, 0x0000000618c00000|  0%| F|  |TAMS 0x0000000618800000| PB 0x0000000618800000| Untracked |  0
|  81|0x0000000618c00000, 0x0000000618c00000, 0x0000000619000000|  0%| F|  |TAMS 0x0000000618c00000| PB 0x0000000618c00000| Untracked |  0
|  82|0x0000000619000000, 0x0000000619000000, 0x0000000619400000|  0%| F|  |TAMS 0x0000000619000000| PB 0x0000000619000000| Untracked |  0
|  83|0x0000000619400000, 0x0000000619400000, 0x0000000619800000|  0%| F|  |TAMS 0x0000000619400000| PB 0x0000000619400000| Untracked |  0
|  84|0x0000000619800000, 0x0000000619800000, 0x0000000619c00000|  0%| F|  |TAMS 0x0000000619800000| PB 0x0000000619800000| Untracked |  0
|  85|0x0000000619c00000, 0x0000000619c00000, 0x000000061a000000|  0%| F|  |TAMS 0x0000000619c00000| PB 0x0000000619c00000| Untracked |  0
|  86|0x000000061a000000, 0x000000061a000000, 0x000000061a400000|  0%| F|  |TAMS 0x000000061a000000| PB 0x000000061a000000| Untracked |  0
|  87|0x000000061a400000, 0x000000061a400000, 0x000000061a800000|  0%| F|  |TAMS 0x000000061a400000| PB 0x000000061a400000| Untracked |  0
|  88|0x000000061a800000, 0x000000061a800000, 0x000000061ac00000|  0%| F|  |TAMS 0x000000061a800000| PB 0x000000061a800000| Untracked |  0
|  89|0x000000061ac00000, 0x000000061ac00000, 0x000000061b000000|  0%| F|  |TAMS 0x000000061ac00000| PB 0x000000061ac00000| Untracked |  0
|  90|0x000000061b000000, 0x000000061b000000, 0x000000061b400000|  0%| F|  |TAMS 0x000000061b000000| PB 0x000000061b000000| Untracked |  0
|  91|0x000000061b400000, 0x000000061b400000, 0x000000061b800000|  0%| F|  |TAMS 0x000000061b400000| PB 0x000000061b400000| Untracked |  0
|  92|0x000000061b800000, 0x000000061b800000, 0x000000061bc00000|  0%| F|  |TAMS 0x000000061b800000| PB 0x000000061b800000| Untracked |  0
|  93|0x000000061bc00000, 0x000000061bc00000, 0x000000061c000000|  0%| F|  |TAMS 0x000000061bc00000| PB 0x000000061bc00000| Untracked |  0
|  94|0x000000061c000000, 0x000000061c000000, 0x000000061c400000|  0%| F|  |TAMS 0x000000061c000000| PB 0x000000061c000000| Untracked |  0
|  95|0x000000061c400000, 0x000000061c400000, 0x000000061c800000|  0%| F|  |TAMS 0x000000061c400000| PB 0x000000061c400000| Untracked |  0
|  96|0x000000061c800000, 0x000000061c800000, 0x000000061cc00000|  0%| F|  |TAMS 0x000000061c800000| PB 0x000000061c800000| Untracked |  0
|  97|0x000000061cc00000, 0x000000061cc00000, 0x000000061d000000|  0%| F|  |TAMS 0x000000061cc00000| PB 0x000000061cc00000| Untracked |  0
|  98|0x000000061d000000, 0x000000061d000000, 0x000000061d400000|  0%| F|  |TAMS 0x000000061d000000| PB 0x000000061d000000| Untracked |  0
|  99|0x000000061d400000, 0x000000061d400000, 0x000000061d800000|  0%| F|  |TAMS 0x000000061d400000| PB 0x000000061d400000| Untracked |  0
| 100|0x000000061d800000, 0x000000061d800000, 0x000000061dc00000|  0%| F|  |TAMS 0x000000061d800000| PB 0x000000061d800000| Untracked |  0
| 101|0x000000061dc00000, 0x000000061dc00000, 0x000000061e000000|  0%| F|  |TAMS 0x000000061dc00000| PB 0x000000061dc00000| Untracked |  0
| 102|0x000000061e000000, 0x000000061e000000, 0x000000061e400000|  0%| F|  |TAMS 0x000000061e000000| PB 0x000000061e000000| Untracked |  0
| 103|0x000000061e400000, 0x000000061e400000, 0x000000061e800000|  0%| F|  |TAMS 0x000000061e400000| PB 0x000000061e400000| Untracked |  0
| 104|0x000000061e800000, 0x000000061e800000, 0x000000061ec00000|  0%| F|  |TAMS 0x000000061e800000| PB 0x000000061e800000| Untracked |  0
| 105|0x000000061ec00000, 0x000000061ec00000, 0x000000061f000000|  0%| F|  |TAMS 0x000000061ec00000| PB 0x000000061ec00000| Untracked |  0
| 106|0x000000061f000000, 0x000000061f000000, 0x000000061f400000|  0%| F|  |TAMS 0x000000061f000000| PB 0x000000061f000000| Untracked |  0
| 107|0x000000061f400000, 0x000000061f400000, 0x000000061f800000|  0%| F|  |TAMS 0x000000061f400000| PB 0x000000061f400000| Untracked |  0
| 108|0x000000061f800000, 0x000000061f800000, 0x000000061fc00000|  0%| F|  |TAMS 0x000000061f800000| PB 0x000000061f800000| Untracked |  0
| 109|0x000000061fc00000, 0x000000061fc00000, 0x0000000620000000|  0%| F|  |TAMS 0x000000061fc00000| PB 0x000000061fc00000| Untracked |  0
| 110|0x0000000620000000, 0x0000000620000000, 0x0000000620400000|  0%| F|  |TAMS 0x0000000620000000| PB 0x0000000620000000| Untracked |  0
| 111|0x0000000620400000, 0x0000000620400000, 0x0000000620800000|  0%| F|  |TAMS 0x0000000620400000| PB 0x0000000620400000| Untracked |  0
| 112|0x0000000620800000, 0x0000000620800000, 0x0000000620c00000|  0%| F|  |TAMS 0x0000000620800000| PB 0x0000000620800000| Untracked |  0
| 113|0x0000000620c00000, 0x0000000620c00000, 0x0000000621000000|  0%| F|  |TAMS 0x0000000620c00000| PB 0x0000000620c00000| Untracked |  0
| 114|0x0000000621000000, 0x0000000621000000, 0x0000000621400000|  0%| F|  |TAMS 0x0000000621000000| PB 0x0000000621000000| Untracked |  0
| 115|0x0000000621400000, 0x0000000621400000, 0x0000000621800000|  0%| F|  |TAMS 0x0000000621400000| PB 0x0000000621400000| Untracked |  0
| 116|0x0000000621800000, 0x0000000621800000, 0x0000000621c00000|  0%| F|  |TAMS 0x0000000621800000| PB 0x0000000621800000| Untracked |  0
| 117|0x0000000621c00000, 0x0000000621c00000, 0x0000000622000000|  0%| F|  |TAMS 0x0000000621c00000| PB 0x0000000621c00000| Untracked |  0
| 118|0x0000000622000000, 0x0000000622000000, 0x0000000622400000|  0%| F|  |TAMS 0x0000000622000000| PB 0x0000000622000000| Untracked |  0
| 119|0x0000000622400000, 0x0000000622400000, 0x0000000622800000|  0%| F|  |TAMS 0x0000000622400000| PB 0x0000000622400000| Untracked |  0
| 120|0x0000000622800000, 0x0000000622800000, 0x0000000622c00000|  0%| F|  |TAMS 0x0000000622800000| PB 0x0000000622800000| Untracked |  0
| 121|0x0000000622c00000, 0x0000000622c00000, 0x0000000623000000|  0%| F|  |TAMS 0x0000000622c00000| PB 0x0000000622c00000| Untracked |  0
| 122|0x0000000623000000, 0x0000000623000000, 0x0000000623400000|  0%| F|  |TAMS 0x0000000623000000| PB 0x0000000623000000| Untracked |  0
| 123|0x0000000623400000, 0x0000000623400000, 0x0000000623800000|  0%| F|  |TAMS 0x0000000623400000| PB 0x0000000623400000| Untracked |  0
| 124|0x0000000623800000, 0x0000000623800000, 0x0000000623c00000|  0%| F|  |TAMS 0x0000000623800000| PB 0x0000000623800000| Untracked |  0
| 125|0x0000000623c00000, 0x0000000623c00000, 0x0000000624000000|  0%| F|  |TAMS 0x0000000623c00000| PB 0x0000000623c00000| Untracked |  0
| 126|0x0000000624000000, 0x000000062435c508, 0x0000000624400000| 84%| E|  |TAMS 0x0000000624000000| PB 0x0000000624000000| Complete |  0

Card table byte_map: [0x0000028dd7020000,0x0000028dd8000000] _byte_map_base: 0x0000028dd3ffc000

Marking Bits: (CMBitMap*) 0x0000028ddffefa00
 Bits: [0x0000028dd8000000, 0x0000028ddfee0000)

Polling page: 0x0000028dbc130000

Metaspace:

Usage:
  Non-class:    241.93 KB used.
      Class:     14.03 KB used.
       Both:    255.96 KB used.

Virtual space:
  Non-class space:       64.00 MB reserved,     320.00 KB ( <1%) committed,  1 nodes.
      Class space:        1.00 GB reserved,     128.00 KB ( <1%) committed,  1 nodes.
             Both:        1.06 GB reserved,     448.00 KB ( <1%) committed. 

Chunk freelists:
   Non-Class:  12.00 MB
       Class:  15.75 MB
        Both:  27.74 MB

MaxMetaspaceSize: unlimited
CompressedClassSpaceSize: 1.00 GB
Initial GC threshold: 21.00 MB
Current GC threshold: 21.00 MB
CDS: on
 - commit_granule_bytes: 65536.
 - commit_granule_words: 8192.
 - virtual_space_node_default_size: 8388608.
 - enlarge_chunks_in_place: 1.
 - use_allocation_guard: 0.


Internal statistics:

num_allocs_failed_limit: 0.
num_arena_births: 4.
num_arena_deaths: 0.
num_vsnodes_births: 2.
num_vsnodes_deaths: 0.
num_space_committed: 7.
num_space_uncommitted: 0.
num_chunks_returned_to_freelist: 0.
num_chunks_taken_from_freelist: 5.
num_chunk_merges: 0.
num_chunk_splits: 3.
num_chunks_enlarged: 0.
num_inconsistent_stats: 0.

CodeHeap 'non-profiled nmethods': size=119168Kb used=13Kb max_used=13Kb free=119154Kb
 bounds [0x0000028dcddf0000, 0x0000028dce060000, 0x0000028dd5250000]
CodeHeap 'profiled nmethods': size=119104Kb used=90Kb max_used=90Kb free=119013Kb
 bounds [0x0000028dc6250000, 0x0000028dc64c0000, 0x0000028dcd6a0000]
CodeHeap 'non-nmethods': size=7488Kb used=1182Kb max_used=2878Kb free=6305Kb
 bounds [0x0000028dcd6a0000, 0x0000028dcd980000, 0x0000028dcddf0000]
 total_blobs=382 nmethods=70 adapters=217
 compilation: enabled
              stopped_count=0, restarted_count=0
 full_count=0

Compilation events (20 events):
Event: 0.065 Thread 0x0000028e241e3760 nmethod 61 0x0000028dc6264e10 code [0x0000028dc6265000, 0x0000028dc62653a8]
Event: 0.065 Thread 0x0000028e241e3e20 nmethod 62 0x0000028dcddf2890 code [0x0000028dcddf2a20, 0x0000028dcddf2af0]
Event: 0.065 Thread 0x0000028e24171ec0 nmethod 65 0x0000028dcddf2b90 code [0x0000028dcddf2d20, 0x0000028dcddf2df0]
Event: 0.065 Thread 0x0000028de01945b0 nmethod 66 0x0000028dc6265510 code [0x0000028dc62656a0, 0x0000028dc6265810]
Event: 0.065 Thread 0x0000028e241e3e20   67       1       java.util.ImmutableCollections$Set12::isEmpty (2 bytes)
Event: 0.065 Thread 0x0000028e241e3760   68       3       java.util.ImmutableCollections$Set12$1::next (95 bytes)
Event: 0.065 Thread 0x0000028e24171ec0   64       1       java.lang.module.ModuleDescriptor$Exports::targets (5 bytes)
Event: 0.065 Thread 0x0000028e241e3e20 nmethod 67 0x0000028dcddf2e90 code [0x0000028dcddf3020, 0x0000028dcddf30e8]
Event: 0.066 Thread 0x0000028e24171ec0 nmethod 64 0x0000028dcddf3190 code [0x0000028dcddf3320, 0x0000028dcddf33f0]
Event: 0.066 Thread 0x0000028e241e3760 nmethod 68 0x0000028dc6265910 code [0x0000028dc6265ae0, 0x0000028dc6265d70]
Event: 0.067 Thread 0x0000028de0193a40   13       4       jdk.internal.util.ArraysSupport::signedHashCode (37 bytes)
Event: 0.069 Thread 0x0000028de0193a40 

Event: 0.069 Thread 0x0000028de0193a40   12       4       java.lang.Object::<init> (1 bytes)
Event: 0.069 Thread 0x0000028de0193a40 nmethod 12 0x0000028dcddf3490 code [0x0000028dcddf3600, 0x0000028dcddf3688]
Event: 0.070 Thread 0x0000028e24171ec0   69       3       java.lang.StringUTF16::getChar (60 bytes)
Event: 0.070 Thread 0x0000028e241e3760   70       3       java.lang.String::isEmpty (14 bytes)
Event: 0.070 Thread 0x0000028e24171ec0 nmethod 69 0x0000028dc6265e90 code [0x0000028dc6266020, 0x0000028dc6266190]
Event: 0.070 Thread 0x0000028e241e3760 nmethod 70 0x0000028dc6266290 code [0x0000028dc6266420, 0x0000028dc6266590]
Event: 0.070 Thread 0x0000028e241e3760   71       3       java.lang.AbstractStringBuilder::ensureCapacityInternal (39 bytes)
Event: 0.070 Thread 0x0000028e241e3760 nmethod 71 0x0000028dc6266690 code [0x0000028dc6266840, 0x0000028dc6266a78]

GC Heap History (0 events):
No events

Dll operation events (2 events):
Event: 0.032 Loaded shared library C:\Program Files\Java\jdk-22\bin\java.dll
Event: 0.062 Loaded shared library C:\Program Files\Java\jdk-22\bin\jsvml.dll

Deoptimization events (0 events):
No events

Classes loaded (20 events):
Event: 0.066 Loading class java/lang/WeakPairMap$Pair$Weak done
Event: 0.066 Loading class java/lang/WeakPairMap$Pair$Weak$1
Event: 0.066 Loading class java/lang/WeakPairMap$Pair$Weak$1 done
Event: 0.070 Loading class jdk/internal/loader/URLClassPath$FileLoader
Event: 0.070 Loading class jdk/internal/loader/URLClassPath$FileLoader done
Event: 0.071 Loading class jdk/internal/loader/URLClassPath$FileLoader$1
Event: 0.071 Loading class jdk/internal/loader/URLClassPath$FileLoader$1 done
Event: 0.072 Loading class java/io/Reader
Event: 0.072 Loading class java/io/Reader done
Event: 0.072 Loading class java/io/InputStreamReader
Event: 0.072 Loading class java/io/InputStreamReader done
Event: 0.072 Loading class java/io/IOException
Event: 0.072 Loading class java/io/IOException done
Event: 0.072 Loading class java/io/BufferedReader
Event: 0.072 Loading class java/io/BufferedReader done
Event: 0.072 Loading class sun/nio/cs/StreamDecoder
Event: 0.072 Loading class sun/nio/cs/StreamDecoder done
Event: 0.072 Loading class sun/nio/cs/UTF_8$Decoder
Event: 0.073 Loading class sun/nio/cs/UTF_8$Decoder done
Event: 10.877 Loading class jdk/internal/misc/Signal$1

Classes unloaded (0 events):
No events

Classes redefined (3 events):
Event: 0.067 Thread 0x0000028de0161180 redefined class name=java.io.FileOutputStream, count=1
Event: 0.068 Thread 0x0000028de0161180 redefined class name=java.io.File, count=1
Event: 0.069 Thread 0x0000028de0161180 redefined class name=java.net.URLStreamHandler, count=1

Internal exceptions (0 events):
No events

ZGC Phase Switch (0 events):
No events

VM Operations (6 events):
Event: 0.066 Executing VM operation: RedefineClasses
Event: 0.067 Executing VM operation: RedefineClasses done
Event: 0.068 Executing VM operation: RedefineClasses
Event: 0.068 Executing VM operation: RedefineClasses done
Event: 0.069 Executing VM operation: RedefineClasses
Event: 0.069 Executing VM operation: RedefineClasses done

Events (20 events):
Event: 0.042 Thread 0x0000028dbc5729d0 Thread added: 0x0000028dbc5729d0
Event: 0.052 Thread 0x0000028de0186850 Thread added: 0x0000028de0186850
Event: 0.052 Thread 0x0000028de01884c0 Thread added: 0x0000028de01884c0
Event: 0.052 Thread 0x0000028de0189120 Thread added: 0x0000028de0189120
Event: 0.052 Thread 0x0000028de018c430 Thread added: 0x0000028de018c430
Event: 0.052 Thread 0x0000028de018d390 Thread added: 0x0000028de018d390
Event: 0.052 Thread 0x0000028de018df20 Thread added: 0x0000028de018df20
Event: 0.052 Thread 0x0000028de0193a40 Thread added: 0x0000028de0193a40
Event: 0.052 Thread 0x0000028de01945b0 Thread added: 0x0000028de01945b0
Event: 0.061 Thread 0x0000028e24171ec0 Thread added: 0x0000028e24171ec0
Event: 0.063 Thread 0x0000028e241e3760 Thread added: 0x0000028e241e3760
Event: 0.063 Thread 0x0000028e241e3e20 Thread added: 0x0000028e241e3e20
Event: 0.069 Thread 0x0000028e241f1580 Thread added: 0x0000028e241f1580
Event: 0.071 Thread 0x0000028e241ec270 Thread added: 0x0000028e241ec270
Event: 5.071 Thread 0x0000028e241e3e20 Thread exited: 0x0000028e241e3e20
Event: 10.077 Thread 0x0000028e241e3760 Thread exited: 0x0000028e241e3760
Event: 10.077 Thread 0x0000028e24171ec0 Thread exited: 0x0000028e24171ec0
Event: 10.877 Thread 0x0000028dbc5729d0 Thread exited: 0x0000028dbc5729d0
Event: 10.877 Thread 0x0000028dbc5729d0 Thread added: 0x0000028dbc5729d0
Event: 10.878 Thread 0x0000028dbc5729d0 Thread exited: 0x0000028dbc5729d0


Dynamic libraries:
0x00007ff6a95f0000 - 0x00007ff6a9600000 	C:\Program Files\Java\jdk-22\bin\java.exe
0x00007ffa16b50000 - 0x00007ffa16d67000 	C:\WINDOWS\SYSTEM32\ntdll.dll
0x00007ffa16890000 - 0x00007ffa16954000 	C:\WINDOWS\System32\KERNEL32.DLL
0x00007ffa164e0000 - 0x00007ffa1688c000 	C:\WINDOWS\System32\KERNELBASE.dll
0x000000007c030000 - 0x000000007c06c000 	C:\WINDOWS\System32\cyinjct.dll
0x00007ffa16370000 - 0x00007ffa16379000 	C:\WINDOWS\System32\ntnativeapi.dll
0x00007ffa06d30000 - 0x00007ffa06d47000 	C:\Program Files\Java\jdk-22\bin\jli.dll
0x00007ffa155b0000 - 0x00007ffa15662000 	C:\WINDOWS\System32\ADVAPI32.dll
0x00007ffa14bc0000 - 0x00007ffa14c67000 	C:\WINDOWS\System32\msvcrt.dll
0x00007ffa15670000 - 0x00007ffa1571a000 	C:\WINDOWS\System32\sechost.dll
0x00007ffa14360000 - 0x00007ffa14388000 	C:\WINDOWS\System32\bcrypt.dll
0x00007ffa163c0000 - 0x00007ffa164d5000 	C:\WINDOWS\System32\RPCRT4.dll
0x0000028dbbdf0000 - 0x0000028dbbf9e000 	C:\WINDOWS\System32\USER32.dll
0x00007ffa14390000 - 0x00007ffa143b6000 	C:\WINDOWS\System32\win32u.dll
0x00007ffa15880000 - 0x00007ffa158a9000 	C:\WINDOWS\System32\GDI32.dll
0x00007ffa14240000 - 0x00007ffa14359000 	C:\WINDOWS\System32\gdi32full.dll
0x00007ffa13d60000 - 0x00007ffa13dfa000 	C:\WINDOWS\System32\msvcp_win.dll
0x0000028dbbfa0000 - 0x0000028dbc0b1000 	C:\WINDOWS\System32\ucrtbase.dll
0x00007ffa06cf0000 - 0x00007ffa06d0b000 	C:\Program Files\Java\jdk-22\bin\VCRUNTIME140.dll
0x00007ff9f3b10000 - 0x00007ff9f3da3000 	C:\WINDOWS\WinSxS\amd64_microsoft.windows.common-controls_6595b64144ccf1df_6.0.22621.3672_none_2713b9d173822955\COMCTL32.dll
0x00007ffa07a40000 - 0x00007ffa07a4a000 	C:\WINDOWS\SYSTEM32\VERSION.dll
0x00007ffa16350000 - 0x00007ffa1636e000 	C:\WINDOWS\System32\cyvera.dll
0x00007ffa162e0000 - 0x00007ffa16350000 	C:\WINDOWS\System32\cyvrtrap.dll
0x00007ffa15730000 - 0x00007ffa15761000 	C:\WINDOWS\System32\IMM32.DLL
0x00007ffa07c90000 - 0x00007ffa07c9c000 	C:\Program Files\Java\jdk-22\bin\vcruntime140_1.dll
0x00007ff9f8fd0000 - 0x00007ff9f905e000 	C:\Program Files\Java\jdk-22\bin\msvcp140.dll
0x00007ff960270000 - 0x00007ff960fb7000 	C:\Program Files\Java\jdk-22\bin\server\jvm.dll
0x00007ffa147b0000 - 0x00007ffa14821000 	C:\WINDOWS\System32\WS2_32.dll
0x00007ffa132a0000 - 0x00007ffa132ed000 	C:\WINDOWS\SYSTEM32\POWRPROF.dll
0x00007ffa0b9c0000 - 0x00007ffa0b9f4000 	C:\WINDOWS\SYSTEM32\WINMM.dll
0x00007ffa131f0000 - 0x00007ffa13203000 	C:\WINDOWS\SYSTEM32\UMPDC.dll
0x00007ffa12c60000 - 0x00007ffa12c78000 	C:\WINDOWS\SYSTEM32\kernel.appcore.dll
0x00007ffa06ce0000 - 0x00007ffa06cea000 	C:\Program Files\Java\jdk-22\bin\jimage.dll
0x00007ffa112e0000 - 0x00007ffa11512000 	C:\WINDOWS\SYSTEM32\DBGHELP.DLL
0x00007ffa14c70000 - 0x00007ffa14ff8000 	C:\WINDOWS\System32\combase.dll
0x00007ffa154d0000 - 0x00007ffa155a7000 	C:\WINDOWS\System32\OLEAUT32.dll
0x00007ffa06df0000 - 0x00007ffa06e22000 	C:\WINDOWS\SYSTEM32\dbgcore.DLL
0x00007ffa141c0000 - 0x00007ffa1423b000 	C:\WINDOWS\System32\bcryptPrimitives.dll
0x00007ffa162a0000 - 0x00007ffa162d7000 	C:\Program Files\Palo Alto Networks\Traps\cyjagent.dll
0x00007ffa06cc0000 - 0x00007ffa06cde000 	C:\Program Files\Java\jdk-22\bin\java.dll
0x00007ffa15910000 - 0x00007ffa1616c000 	C:\WINDOWS\System32\SHELL32.dll
0x00007ffa14580000 - 0x00007ffa14725000 	C:\WINDOWS\System32\ole32.dll
0x00007ffa11990000 - 0x00007ffa12287000 	C:\WINDOWS\SYSTEM32\windows.storage.dll
0x00007ffa11850000 - 0x00007ffa1198f000 	C:\WINDOWS\SYSTEM32\wintypes.dll
0x00007ffa148b0000 - 0x00007ffa149a4000 	C:\WINDOWS\System32\SHCORE.dll
0x00007ffa14740000 - 0x00007ffa1479e000 	C:\WINDOWS\System32\shlwapi.dll
0x00007ffa13c90000 - 0x00007ffa13cb1000 	C:\WINDOWS\SYSTEM32\profapi.dll
0x00007ff9f8ef0000 - 0x00007ff9f8fc7000 	C:\Program Files\Java\jdk-22\bin\jsvml.dll

dbghelp: loaded successfully - version: 4.0.5 - missing functions: none
symbol engine: initialized successfully - sym options: 0x614 - pdb path: .;C:\Program Files\Java\jdk-22\bin;C:\WINDOWS\SYSTEM32;C:\WINDOWS\WinSxS\amd64_microsoft.windows.common-controls_6595b64144ccf1df_6.0.22621.3672_none_2713b9d173822955;C:\Program Files\Java\jdk-22\bin\server;C:\Program Files\Palo Alto Networks\Traps

VM Arguments:
jvm_args: -agentpath:C:\Program Files\Palo Alto Networks\Traps\cyjagent.dll 
java_command: Assignment2
java_class_path (initial): .
Launcher Type: SUN_STANDARD

[Global flags]
     intx CICompilerCount                          = 12                                        {product} {ergonomic}
     uint ConcGCThreads                            = 3                                         {product} {ergonomic}
     uint G1ConcRefinementThreads                  = 13                                        {product} {ergonomic}
   size_t G1HeapRegionSize                         = 4194304                                   {product} {ergonomic}
   size_t InitialHeapSize                          = 532676608                                 {product} {ergonomic}
   size_t MarkStackSize                            = 4194304                                   {product} {ergonomic}
   size_t MaxHeapSize                              = 8514437120                                {product} {ergonomic}
   size_t MaxNewSize                               = 5108662272                                {product} {ergonomic}
   size_t MinHeapDeltaBytes                        = 4194304                                   {product} {ergonomic}
   size_t MinHeapSize                              = 8388608                                   {product} {ergonomic}
    uintx NonNMethodCodeHeapSize                   = 7602480                                {pd product} {ergonomic}
    uintx NonProfiledCodeHeapSize                  = 122027880                              {pd product} {ergonomic}
    uintx ProfiledCodeHeapSize                     = 122027880                              {pd product} {ergonomic}
    uintx ReservedCodeCacheSize                    = 251658240                              {pd product} {ergonomic}
     bool SegmentedCodeCache                       = true                                      {product} {ergonomic}
   size_t SoftMaxHeapSize                          = 8514437120                             {manageable} {ergonomic}
     bool UseCompressedOops                        = true                           {product lp64_product} {ergonomic}
     bool UseG1GC                                  = true                                      {product} {ergonomic}
     bool UseLargePagesIndividualAllocation        = false                                  {pd product} {ergonomic}

Logging:
Log output configuration:
 #0: stdout all=warning uptime,level,tags foldmultilines=false
 #1: stderr all=off uptime,level,tags foldmultilines=false

Environment Variables:
PATH=C:\Program Files\Common Files\Oracle\Java\javapath;C:\WINDOWS\system32;C:\WINDOWS;C:\WINDOWS\System32\Wbem;C:\WINDOWS\System32\WindowsPowerShell\v1.0\;C:\WINDOWS\System32\OpenSSH\;C:\Program Files\Java\jdk-22\bin;C:\Users\a.vishwakarma\AppData\Local\Microsoft\WindowsApps;
USERNAME=a.vishwakarma
OS=Windows_NT
PROCESSOR_IDENTIFIER=Intel64 Family 6 Model 154 Stepping 3, GenuineIntel
TMP=C:\Users\A94ED~1.VIS\AppData\Local\Temp
TEMP=C:\Users\A94ED~1.VIS\AppData\Local\Temp




Periodic native trim disabled

---------------  S Y S T E M  ---------------

OS:
 Windows 11 , 64 bit Build 22621 (10.0.22621.3672)
OS uptime: 0 days 5:12 hours
Hyper-V role detected

CPU: total 16 (initial active 16) (8 cores per cpu, 2 threads per core) family 6 model 154 stepping 3 microcode 0x42a, cx8, cmov, fxsr, ht, mmx, 3dnowpref, sse, sse2, sse3, ssse3, sse4.1, sse4.2, popcnt, lzcnt, tsc, tscinvbit, avx, avx2, aes, erms, clmul, bmi1, bmi2, adx, sha, fma, vzeroupper, clflush, clflushopt, clwb, hv, serialize, rdtscp, rdpid, fsrm, f16c, cet_ibt, cet_ss
Processor Information for processor 0
  Max Mhz: 2100, Current Mhz: 1696, Mhz Limit: 1680
Processor Information for processor 1
  Max Mhz: 2100, Current Mhz: 1696, Mhz Limit: 1680
Processor Information for processor 2
  Max Mhz: 2100, Current Mhz: 1696, Mhz Limit: 1680
Processor Information for processor 3
  Max Mhz: 2100, Current Mhz: 1696, Mhz Limit: 1680
Processor Information for processor 4
  Max Mhz: 2100, Current Mhz: 1696, Mhz Limit: 1680
Processor Information for processor 5
  Max Mhz: 2100, Current Mhz: 1696, Mhz Limit: 1680
Processor Information for processor 6
  Max Mhz: 2100, Current Mhz: 1696, Mhz Limit: 1680
Processor Information for processor 7
  Max Mhz: 2100, Current Mhz: 1696, Mhz Limit: 1680
Processor Information for processor 8
  Max Mhz: 2100, Current Mhz: 1680, Mhz Limit: 1680
Processor Information for processor 9
  Max Mhz: 2100, Current Mhz: 1680, Mhz Limit: 1680
Processor Information for processor 10
  Max Mhz: 2100, Current Mhz: 1680, Mhz Limit: 1680
Processor Information for processor 11
  Max Mhz: 2100, Current Mhz: 1680, Mhz Limit: 1680
Processor Information for processor 12
  Max Mhz: 2100, Current Mhz: 1680, Mhz Limit: 1680
Processor Information for processor 13
  Max Mhz: 2100, Current Mhz: 1540, Mhz Limit: 1680
Processor Information for processor 14
  Max Mhz: 2100, Current Mhz: 1680, Mhz Limit: 1680
Processor Information for processor 15
  Max Mhz: 2100, Current Mhz: 1680, Mhz Limit: 1680

Memory: 4k page, system-wide physical 32465M (17233M free)
TotalPageFile size 37329M (AvailPageFile size 18759M)
current process WorkingSet (physical memory assigned to process): 38M, peak: 38M
current process commit charge ("private bytes"): 610M, peak: 610M

vm_info: Java HotSpot(TM) 64-Bit Server VM (22.0.1+8-16) for windows-amd64 JRE (22.0.1+8-16), built on 2024-03-12T10:33:16Z by "mach5one" with MS VC++ 17.6 (VS2022)

END.
